da
https://qrcodemk.firebaseapp.com/static/js/2.48926ac1.chunk.js:1:120953
n.callback
https://qrcodemk.firebaseapp.com/static/js/2.48926ac1.chunk.js:1:126033
ia
https://qrcodemk.firebaseapp.com/static/js/2.48926ac1.chunk.js:1:118785
ra
https://qrcodemk.firebaseapp.com/static/js/2.48926ac1.chunk.js:1:118586
Ba
https://qrcodemk.firebaseapp.com/static/js/2.48926ac1.chunk.js:1:128759
$a
https://qrcodemk.firebaseapp.com/static/js/2.48926ac1.chunk.js:1:131077
(anonymous function)
https://qrcodemk.firebaseapp.com/static/js/2.48926ac1.chunk.js:1:144306
t.unstable_runWithPriority
https://qrcodemk.firebaseapp.com/static/js/2.48926ac1.chunk.js:1:155051
jl
https://qrcodemk.firebaseapp.com/static/js/2.48926ac1.chunk.js:1:144241
Rl
https://qrcodemk.firebaseapp.com/static/js/2.48926ac1.chunk.js:1:144017
_l
https://qrcodemk.firebaseapp.com/static/js/2.48926ac1.chunk.js:1:143362
Sl
https://qrcodemk.firebaseapp.com/static/js/2.48926ac1.chunk.js:1:142383
Ja
https://qrcodemk.firebaseapp.com/static/js/2.48926ac1.chunk.js:1:141257
Il
https://qrcodemk.firebaseapp.com/static/js/2.48926ac1.chunk.js:1:145272
Fl
https://qrcodemk.firebaseapp.com/static/js/2.48926ac1.chunk.js:1:145326
Ll.render
https://qrcodemk.firebaseapp.com/static/js/2.48926ac1.chunk.js:1:149120
(anonymous function)
https://qrcodemk.firebaseapp.com/static/js/2.48926ac1.chunk.js:1:146974
Al
https://qrcodemk.firebaseapp.com/static/js/2.48926ac1.chunk.js:1:144548
Vl
https://qrcodemk.firebaseapp.com/static/js/2.48926ac1.chunk.js:1:146907
Hl.render
https://qrcodemk.firebaseapp.com/static/js/2.48926ac1.chunk.js:1:150131
push.56
https://qrcodemk.firebaseapp.com/static/js/main.a91dc097.chunk.js:1:1444
f
https://qrcodemk.firebaseapp.com/:1:1031
push.39
https://qrcodemk.firebaseapp.com/static/js/main.a91dc097.chunk.js:1:87
f
https://qrcodemk.firebaseapp.com/:1:1031
a
https://qrcodemk.firebaseapp.com/:1:900
e
https://qrcodemk.firebaseapp.com/:1:763
(anonymous function)
https://qrcodemk.firebaseapp.com/static/js/main.a91dc097.chunk.js:1:47